c:\users\derek\desktop\dotgame\dotgame\x64\debug\vc142.pdb
c:\users\derek\desktop\dotgame\dotgame\x64\debug\vc142.idb
c:\users\derek\desktop\dotgame\dotgame\x64\debug\resources.obj
c:\users\derek\desktop\dotgame\dotgame\x64\debug\modules.obj
c:\users\derek\desktop\dotgame\dotgame\x64\debug\main.obj
c:\users\derek\desktop\dotgame\dotgame\x64\debug\game.obj
c:\users\derek\desktop\dotgame\dotgame\x64\debug\dot.obj
c:\users\derek\desktop\dotgame\dotgame\x64\debug\behaviours.obj
c:\users\derek\desktop\dotgame\builds\debug\dotgame.exe
c:\users\derek\desktop\dotgame\builds\debug\dotgame.ilk
c:\users\derek\desktop\dotgame\builds\debug\dotgame.pdb
c:\users\derek\desktop\dotgame\dotgame\x64\debug\behaviours.obj.enc
c:\users\derek\desktop\dotgame\dotgame\x64\debug\dot.new.obj.enc
c:\users\derek\desktop\dotgame\dotgame\x64\debug\game.new.obj.enc
c:\users\derek\desktop\dotgame\dotgame\x64\debug\modules.new.obj.enc
c:\users\derek\desktop\dotgame\dotgame\x64\debug\dotgame.tlog\cl.command.1.tlog
c:\users\derek\desktop\dotgame\dotgame\x64\debug\dotgame.tlog\cl.read.1.tlog
c:\users\derek\desktop\dotgame\dotgame\x64\debug\dotgame.tlog\cl.write.1.tlog
c:\users\derek\desktop\dotgame\dotgame\x64\debug\dotgame.tlog\link.command.1.tlog
c:\users\derek\desktop\dotgame\dotgame\x64\debug\dotgame.tlog\link.read.1.tlog
c:\users\derek\desktop\dotgame\dotgame\x64\debug\dotgame.tlog\link.write.1.tlog
